[debug] [2026-02-20T22:15:11.508Z] ----------------------------------------------------------------------
[debug] [2026-02-20T22:15:11.510Z] Command:       /home/dawillygene/.nvm/versions/node/v20.19.5/bin/node /home/dawillygene/.nvm/versions/node/v20.19.5/bin/firebase auth:import users.json --project leotap-prod
[debug] [2026-02-20T22:15:11.510Z] CLI Version:   14.27.0
[debug] [2026-02-20T22:15:11.511Z] Platform:      linux
[debug] [2026-02-20T22:15:11.511Z] Node Version:  v20.19.5
[debug] [2026-02-20T22:15:11.511Z] Time:          Sat Feb 21 2026 01:15:11 GMT+0300 (East Africa Time)
[debug] [2026-02-20T22:15:11.511Z] ----------------------------------------------------------------------
[debug] 
[debug] [2026-02-20T22:15:11.513Z] >>> [apiv2][query] GET https://firebase-public.firebaseio.com/cli.json [none]
[debug] [2026-02-20T22:15:11.567Z] > command requires scopes: ["email","openid","https://www.googleapis.com/auth/cloudplatformprojects.readonly","https://www.googleapis.com/auth/firebase","https://www.googleapis.com/auth/cloud-platform"]
[debug] [2026-02-20T22:15:11.567Z] > authorizing via signed-in user (leotap.auth@gmail.com)
[debug] [2026-02-20T22:15:11.567Z] [iam] checking project leotap-prod for permissions ["firebase.projects.get","firebaseauth.users.create","firebaseauth.users.update"]
[debug] [2026-02-20T22:15:11.568Z] Checked if tokens are valid: false, expires at: 1771455363447
[debug] [2026-02-20T22:15:11.568Z] Checked if tokens are valid: false, expires at: 1771455363447
[debug] [2026-02-20T22:15:11.568Z] > refreshing access token with scopes: []
[debug] [2026-02-20T22:15:11.570Z] >>> [apiv2][query] POST https://www.googleapis.com/oauth2/v3/token [none]
[debug] [2026-02-20T22:15:11.570Z] >>> [apiv2][body] POST https://www.googleapis.com/oauth2/v3/token [omitted]
[debug] [2026-02-20T22:15:12.128Z] <<< [apiv2][status] POST https://www.googleapis.com/oauth2/v3/token 200
[debug] [2026-02-20T22:15:12.128Z] <<< [apiv2][body] POST https://www.googleapis.com/oauth2/v3/token [omitted]
[debug] [2026-02-20T22:15:12.144Z] >>> [apiv2][query] POST https://cloudresourcemanager.googleapis.com/v1/projects/leotap-prod:testIamPermissions [none]
[debug] [2026-02-20T22:15:12.144Z] >>> [apiv2][(partial)header] POST https://cloudresourcemanager.googleapis.com/v1/projects/leotap-prod:testIamPermissions x-goog-quota-user=projects/leotap-prod
[debug] [2026-02-20T22:15:12.144Z] >>> [apiv2][body] POST https://cloudresourcemanager.googleapis.com/v1/projects/leotap-prod:testIamPermissions {"permissions":["firebase.projects.get","firebaseauth.users.create","firebaseauth.users.update"]}
[debug] [2026-02-20T22:15:13.897Z] <<< [apiv2][status] POST https://cloudresourcemanager.googleapis.com/v1/projects/leotap-prod:testIamPermissions 200
[debug] [2026-02-20T22:15:13.898Z] <<< [apiv2][body] POST https://cloudresourcemanager.googleapis.com/v1/projects/leotap-prod:testIamPermissions {"permissions":["firebase.projects.get","firebaseauth.users.create","firebaseauth.users.update"]}
[warn] ⚠  No hash algorithm specified. Password users cannot be imported. 
[debug] [2026-02-20T22:15:13.904Z] Error: ENOENT: no such file or directory, stat 'users.json'
[error] 
[error] Error: An unexpected error has occurred.
